<?xml version='1.0' encoding='UTF-8'?>
<testsuite hostname="digital32589-XPS-15-9550" name="ArabicToRomanSpec" tests="4" errors="0" failures="0" skipped="0" time="0.019">
                     <properties>
[...]
</properties>
                     <testcase classname="ArabicToRomanSpec" name="ArabicToRoman must should return the correct Roman number counterpart as a string when given a Arabic number when less than 10" time="0.015">
                                                 
                                               </testcase><testcase classname="ArabicToRomanSpec" name="ArabicToRoman must should return the correct Roman number counterpart as a string when given a Arabic number when between 10 and 99" time="0.001">
                                                 
                                               </testcase><testcase classname="ArabicToRomanSpec" name="ArabicToRoman must should return the correct Roman number counterpart as a string when given a Arabic number when between 100 and 999" time="0.001">
                                                 
                                               </testcase><testcase classname="ArabicToRomanSpec" name="ArabicToRoman must should return the correct Roman number counterpart as a string when given a Arabic number when between 1000 and 2999" time="0.002">
                                                 
                                               </testcase>
                     <system-out><![CDATA[]]></system-out>
                     <system-err><![CDATA[]]></system-err>
                   </testsuite>