<?xml version='1.0' encoding='UTF-8'?>
<testsuite hostname="digital32589-XPS-15-9550" name="CypherSpec" tests="15" errors="0" failures="0" skipped="0" time="0.061">
                     <properties>
[...]
</properties>
                     <testcase classname="CypherSpec" name="Cypher when called must When a is input return 1" time="0.037">
                                                 
                                               </testcase><testcase classname="CypherSpec" name="when b is input return 2" time="0.003">
                                                 
                                               </testcase><testcase classname="CypherSpec" name="when z is input return 26" time="0.002">
                                                 
                                               </testcase><testcase classname="CypherSpec" name="when ab is input return Array('a','b')" time="0.002">
                                                 
                                               </testcase><testcase classname="CypherSpec" name="when ken is input return Array('k','e','n')" time="0.0">
                                                 
                                               </testcase><testcase classname="CypherSpec" name="when List('a','b') is input return Array(1,2)" time="0.002">
                                                 
                                               </testcase><testcase classname="CypherSpec" name="when List('k','e','n') is input return Array(11,5,14)" time="0.002">
                                                 
                                               </testcase><testcase classname="CypherSpec" name="when given key 1234 return Array(1,2,3,4" time="0.001">
                                                 
                                               </testcase><testcase classname="CypherSpec" name="return 12341 when 1234 is input if original array length is 5" time="0.002">
                                                 
                                               </testcase><testcase classname="CypherSpec" name="return 123412341 when 1234 is input if original array length is 9" time="0.0">
                                                 
                                               </testcase><testcase classname="CypherSpec" name="when ab is input return Array(1,2)" time="0.001">
                                                 
                                               </testcase><testcase classname="CypherSpec" name="when scout is input return Array(19,3,15,21,20)" time="0.002">
                                                 
                                               </testcase><testcase classname="CypherSpec" name="when given a array of Integers Array(20,12,18,30,21) and a key(1931) returns  Array(19,3,15,21,20)" time="0.002">
                                                 
                                               </testcase><testcase classname="CypherSpec" name="when given a array of Integers Array(20,12,18,30,21) and a key(1931) returns  string'scout'" time="0.002">
                                                 
                                               </testcase><testcase classname="CypherSpec" name="when given a array of Integers Array(14,10,22,29,6,27,19,18,6,12,8) and a key(1931) returns  string'masterpiece'" time="0.003">
                                                 
                                               </testcase>
                     <system-out><![CDATA[]]></system-out>
                     <system-err><![CDATA[]]></system-err>
                   </testsuite>